15:02:01.315 [AMQP Connection 82.157.251.233:5672] ERROR com.rabbitmq.client.impl.ForgivingExceptionHandler - An unexpected connection driver error occurred
java.net.SocketException: Operation timed out (Read failed)
	at java.net.SocketInputStream.socketRead0(SocketInputStream.java) ~[?:1.8.0_341]
	at java.net.SocketInputStream.socketRead(SocketInputStream.java:116) ~[?:1.8.0_341]
	at java.net.SocketInputStream.read(SocketInputStream.java:171) ~[?:1.8.0_341]
	at java.net.SocketInputStream.read(SocketInputStream.java:141) ~[?:1.8.0_341]
	at java.io.BufferedInputStream.fill(BufferedInputStream.java:246) ~[?:1.8.0_341]
	at java.io.BufferedInputStream.read(BufferedInputStream.java:265) ~[?:1.8.0_341]
	at java.io.DataInputStream.readUnsignedByte(DataInputStream.java:288) ~[?:1.8.0_341]
	at com.rabbitmq.client.impl.Frame.readFrom(Frame.java:91) ~[amqp-client-5.13.1.jar:5.13.1]
	at com.rabbitmq.client.impl.SocketFrameHandler.readFrame(SocketFrameHandler.java:184) ~[amqp-client-5.13.1.jar:5.13.1]
	at com.rabbitmq.client.impl.AMQConnection$MainLoop.run(AMQConnection.java:665) ~[amqp-client-5.13.1.jar:5.13.1]
	at java.lang.Thread.run(Thread.java:750) ~[?:1.8.0_341]
15:51:57.444 [AMQP Connection 82.157.251.233:5672] ERROR com.rabbitmq.client.impl.ForgivingExceptionHandler - An unexpected connection driver error occurred
java.net.SocketException: Operation timed out (Read failed)
	at java.net.SocketInputStream.socketRead0(SocketInputStream.java) ~[?:1.8.0_341]
	at java.net.SocketInputStream.socketRead(SocketInputStream.java:116) ~[?:1.8.0_341]
	at java.net.SocketInputStream.read(SocketInputStream.java:171) ~[?:1.8.0_341]
	at java.net.SocketInputStream.read(SocketInputStream.java:141) ~[?:1.8.0_341]
	at java.io.BufferedInputStream.fill(BufferedInputStream.java:246) ~[?:1.8.0_341]
	at java.io.BufferedInputStream.read(BufferedInputStream.java:265) ~[?:1.8.0_341]
	at java.io.DataInputStream.readUnsignedByte(DataInputStream.java:288) ~[?:1.8.0_341]
	at com.rabbitmq.client.impl.Frame.readFrom(Frame.java:91) ~[amqp-client-5.13.1.jar:5.13.1]
	at com.rabbitmq.client.impl.SocketFrameHandler.readFrame(SocketFrameHandler.java:184) ~[amqp-client-5.13.1.jar:5.13.1]
	at com.rabbitmq.client.impl.AMQConnection$MainLoop.run(AMQConnection.java:665) ~[amqp-client-5.13.1.jar:5.13.1]
	at java.lang.Thread.run(Thread.java:750) ~[?:1.8.0_341]
